<?xml version="1.0" encoding="UTF-8"?>
<testsuite xmlns:xsi="http://www.w3.org/2001/XMLSchema-instance" xsi:noNamespaceSchemaLocation="https://maven.apache.org/surefire/maven-surefire-plugin/xsd/surefire-test-report-3.0.xsd" version="3.0" name="Default #4" time="185.742" tests="8" errors="0" skipped="0" failures="0">
  <properties>
    <property name="gopherProxySet" value="false"/>
    <property name="awt.toolkit" value="sun.lwawt.macosx.LWCToolkit"/>
    <property name="java.specification.version" value="11"/>
    <property name="sun.cpu.isalist" value=""/>
    <property name="sun.jnu.encoding" value="UTF-8"/>
    <property name="java.class.path" value="/Users/buseayvedi/IdeaProjects/B32G20-AutomationProject/target/test-classes:/Users/buseayvedi/IdeaProjects/B32G20-AutomationProject/target/classes:/Users/buseayvedi/.m2/repository/org/seleniumhq/selenium/selenium-java/4.16.1/selenium-java-4.16.1.jar:/Users/buseayvedi/.m2/repository/org/seleniumhq/selenium/selenium-api/4.16.1/selenium-api-4.16.1.jar:/Users/buseayvedi/.m2/repository/org/seleniumhq/selenium/selenium-chrome-driver/4.16.1/selenium-chrome-driver-4.16.1.jar:/Users/buseayvedi/.m2/repository/com/google/auto/service/auto-service-annotations/1.1.1/auto-service-annotations-1.1.1.jar:/Users/buseayvedi/.m2/repository/org/seleniumhq/selenium/selenium-chromium-driver/4.16.1/selenium-chromium-driver-4.16.1.jar:/Users/buseayvedi/.m2/repository/org/seleniumhq/selenium/selenium-json/4.16.1/selenium-json-4.16.1.jar:/Users/buseayvedi/.m2/repository/org/seleniumhq/selenium/selenium-manager/4.16.1/selenium-manager-4.16.1.jar:/Users/buseayvedi/.m2/repository/org/seleniumhq/selenium/selenium-devtools-v118/4.16.1/selenium-devtools-v118-4.16.1.jar:/Users/buseayvedi/.m2/repository/org/seleniumhq/selenium/selenium-devtools-v119/4.16.1/selenium-devtools-v119-4.16.1.jar:/Users/buseayvedi/.m2/repository/org/seleniumhq/selenium/selenium-devtools-v120/4.16.1/selenium-devtools-v120-4.16.1.jar:/Users/buseayvedi/.m2/repository/org/seleniumhq/selenium/selenium-devtools-v85/4.16.1/selenium-devtools-v85-4.16.1.jar:/Users/buseayvedi/.m2/repository/org/seleniumhq/selenium/selenium-edge-driver/4.16.1/selenium-edge-driver-4.16.1.jar:/Users/buseayvedi/.m2/repository/org/seleniumhq/selenium/selenium-firefox-driver/4.16.1/selenium-firefox-driver-4.16.1.jar:/Users/buseayvedi/.m2/repository/org/seleniumhq/selenium/selenium-http/4.16.1/selenium-http-4.16.1.jar:/Users/buseayvedi/.m2/repository/dev/failsafe/failsafe/3.3.2/failsafe-3.3.2.jar:/Users/buseayvedi/.m2/repository/org/seleniumhq/selenium/selenium-ie-driver/4.16.1/selenium-ie-driver-4.16.1.jar:/Users/buseayvedi/.m2/repository/org/seleniumhq/selenium/selenium-remote-driver/4.16.1/selenium-remote-driver-4.16.1.jar:/Users/buseayvedi/.m2/repository/com/google/guava/guava/32.1.2-jre/guava-32.1.2-jre.jar:/Users/buseayvedi/.m2/repository/com/google/guava/failureaccess/1.0.1/failureaccess-1.0.1.jar:/Users/buseayvedi/.m2/repository/com/google/guava/listenablefuture/9999.0-empty-to-avoid-conflict-with-guava/listenablefuture-9999.0-empty-to-avoid-conflict-with-guava.jar:/Users/buseayvedi/.m2/repository/com/google/code/findbugs/jsr305/3.0.2/jsr305-3.0.2.jar:/Users/buseayvedi/.m2/repository/org/checkerframework/checker-qual/3.33.0/checker-qual-3.33.0.jar:/Users/buseayvedi/.m2/repository/com/google/errorprone/error_prone_annotations/2.18.0/error_prone_annotations-2.18.0.jar:/Users/buseayvedi/.m2/repository/com/google/j2objc/j2objc-annotations/2.8/j2objc-annotations-2.8.jar:/Users/buseayvedi/.m2/repository/io/opentelemetry/opentelemetry-api/1.28.0/opentelemetry-api-1.28.0.jar:/Users/buseayvedi/.m2/repository/io/opentelemetry/opentelemetry-context/1.28.0/opentelemetry-context-1.28.0.jar:/Users/buseayvedi/.m2/repository/io/opentelemetry/opentelemetry-exporter-logging/1.28.0/opentelemetry-exporter-logging-1.28.0.jar:/Users/buseayvedi/.m2/repository/io/opentelemetry/opentelemetry-sdk-metrics/1.28.0/opentelemetry-sdk-metrics-1.28.0.jar:/Users/buseayvedi/.m2/repository/io/opentelemetry/opentelemetry-extension-incubator/1.28.0-alpha/opentelemetry-extension-incubator-1.28.0-alpha.jar:/Users/buseayvedi/.m2/repository/io/opentelemetry/opentelemetry-sdk-logs/1.28.0/opentelemetry-sdk-logs-1.28.0.jar:/Users/buseayvedi/.m2/repository/io/opentelemetry/opentelemetry-sdk-common/1.28.0/opentelemetry-sdk-common-1.28.0.jar:/Users/buseayvedi/.m2/repository/io/opentelemetry/opentelemetry-sdk-extension-autoconfigure-spi/1.28.0/opentelemetry-sdk-extension-autoconfigure-spi-1.28.0.jar:/Users/buseayvedi/.m2/repository/io/opentelemetry/opentelemetry-sdk-extension-autoconfigure/1.28.0/opentelemetry-sdk-extension-autoconfigure-1.28.0.jar:/Users/buseayvedi/.m2/repository/io/opentelemetry/opentelemetry-api-events/1.28.0-alpha/opentelemetry-api-events-1.28.0-alpha.jar:/Users/buseayvedi/.m2/repository/io/opentelemetry/opentelemetry-sdk-trace/1.28.0/opentelemetry-sdk-trace-1.28.0.jar:/Users/buseayvedi/.m2/repository/io/opentelemetry/opentelemetry-sdk/1.28.0/opentelemetry-sdk-1.28.0.jar:/Users/buseayvedi/.m2/repository/io/opentelemetry/opentelemetry-semconv/1.28.0-alpha/opentelemetry-semconv-1.28.0-alpha.jar:/Users/buseayvedi/.m2/repository/net/bytebuddy/byte-buddy/1.14.5/byte-buddy-1.14.5.jar:/Users/buseayvedi/.m2/repository/org/seleniumhq/selenium/selenium-os/4.16.1/selenium-os-4.16.1.jar:/Users/buseayvedi/.m2/repository/org/apache/commons/commons-exec/1.3/commons-exec-1.3.jar:/Users/buseayvedi/.m2/repository/org/seleniumhq/selenium/selenium-safari-driver/4.16.1/selenium-safari-driver-4.16.1.jar:/Users/buseayvedi/.m2/repository/org/seleniumhq/selenium/selenium-support/4.16.1/selenium-support-4.16.1.jar:/Users/buseayvedi/.m2/repository/com/github/javafaker/javafaker/1.0.2/javafaker-1.0.2.jar:/Users/buseayvedi/.m2/repository/org/apache/commons/commons-lang3/3.5/commons-lang3-3.5.jar:/Users/buseayvedi/.m2/repository/org/yaml/snakeyaml/1.23/snakeyaml-1.23-android.jar:/Users/buseayvedi/.m2/repository/com/github/mifmif/generex/1.0.2/generex-1.0.2.jar:/Users/buseayvedi/.m2/repository/dk/brics/automaton/automaton/1.11-8/automaton-1.11-8.jar:/Users/buseayvedi/.m2/repository/io/cucumber/cucumber-junit/7.3.4/cucumber-junit-7.3.4.jar:/Users/buseayvedi/.m2/repository/org/apiguardian/apiguardian-api/1.1.2/apiguardian-api-1.1.2.jar:/Users/buseayvedi/.m2/repository/io/cucumber/cucumber-core/7.3.4/cucumber-core-7.3.4.jar:/Users/buseayvedi/.m2/repository/io/cucumber/cucumber-gherkin/7.3.4/cucumber-gherkin-7.3.4.jar:/Users/buseayvedi/.m2/repository/io/cucumber/cucumber-gherkin-messages/7.3.4/cucumber-gherkin-messages-7.3.4.jar:/Users/buseayvedi/.m2/repository/io/cucumber/messages/18.0.0/messages-18.0.0.jar:/Users/buseayvedi/.m2/repository/io/cucumber/tag-expressions/4.1.0/tag-expressions-4.1.0.jar:/Users/buseayvedi/.m2/repository/io/cucumber/cucumber-expressions/15.1.1/cucumber-expressions-15.1.1.jar:/Users/buseayvedi/.m2/repository/io/cucumber/datatable/7.3.4/datatable-7.3.4.jar:/Users/buseayvedi/.m2/repository/io/cucumber/cucumber-plugin/7.3.4/cucumber-plugin-7.3.4.jar:/Users/buseayvedi/.m2/repository/io/cucumber/docstring/7.3.4/docstring-7.3.4.jar:/Users/buseayvedi/.m2/repository/io/cucumber/html-formatter/19.1.0/html-formatter-19.1.0.jar:/Users/buseayvedi/.m2/repository/io/cucumber/ci-environment/9.0.4/ci-environment-9.0.4.jar:/Users/buseayvedi/.m2/repository/junit/junit/4.13.2/junit-4.13.2.jar:/Users/buseayvedi/.m2/repository/org/hamcrest/hamcrest-core/1.3/hamcrest-core-1.3.jar:/Users/buseayvedi/.m2/repository/io/cucumber/cucumber-java/7.3.4/cucumber-java-7.3.4.jar:/Users/buseayvedi/.m2/repository/me/jvt/cucumber/reporting-plugin/7.3.0/reporting-plugin-7.3.0.jar:/Users/buseayvedi/.m2/repository/io/cucumber/gherkin/23.0.1/gherkin-23.0.1.jar:/Users/buseayvedi/.m2/repository/net/masterthought/cucumber-reporting/5.7.0/cucumber-reporting-5.7.0.jar:/Users/buseayvedi/.m2/repository/com/fasterxml/jackson/core/jackson-databind/2.13.0/jackson-databind-2.13.0.jar:/Users/buseayvedi/.m2/repository/com/fasterxml/jackson/core/jackson-annotations/2.13.0/jackson-annotations-2.13.0.jar:/Users/buseayvedi/.m2/repository/com/fasterxml/jackson/core/jackson-core/2.13.0/jackson-core-2.13.0.jar:/Users/buseayvedi/.m2/repository/com/fasterxml/jackson/datatype/jackson-datatype-jsr310/2.13.0/jackson-datatype-jsr310-2.13.0.jar:/Users/buseayvedi/.m2/repository/org/apache/velocity/velocity-engine-core/2.3/velocity-engine-core-2.3.jar:/Users/buseayvedi/.m2/repository/org/slf4j/slf4j-api/1.7.30/slf4j-api-1.7.30.jar:/Users/buseayvedi/.m2/repository/commons-collections/commons-collections/3.2.2/commons-collections-3.2.2.jar:/Users/buseayvedi/.m2/repository/joda-time/joda-time/2.10.10/joda-time-2.10.10.jar:/Users/buseayvedi/.m2/repository/org/codehaus/plexus/plexus-utils/3.3.0/plexus-utils-3.3.0.jar:/Users/buseayvedi/.m2/repository/org/jsoup/jsoup/1.14.2/jsoup-1.14.2.jar:/Users/buseayvedi/.m2/repository/com/googlecode/owasp-java-html-sanitizer/owasp-java-html-sanitizer/20211018.2/owasp-java-html-sanitizer-20211018.2.jar:/Users/buseayvedi/.m2/repository/commons-configuration/commons-configuration/1.10/commons-configuration-1.10.jar:/Users/buseayvedi/.m2/repository/commons-lang/commons-lang/2.6/commons-lang-2.6.jar:/Users/buseayvedi/.m2/repository/commons-logging/commons-logging/1.1.1/commons-logging-1.1.1.jar:/Users/buseayvedi/.m2/repository/org/apache/poi/poi-ooxml/5.2.3/poi-ooxml-5.2.3.jar:/Users/buseayvedi/.m2/repository/org/apache/poi/poi/5.2.3/poi-5.2.3.jar:/Users/buseayvedi/.m2/repository/commons-codec/commons-codec/1.15/commons-codec-1.15.jar:/Users/buseayvedi/.m2/repository/org/apache/commons/commons-math3/3.6.1/commons-math3-3.6.1.jar:/Users/buseayvedi/.m2/repository/com/zaxxer/SparseBitSet/1.2/SparseBitSet-1.2.jar:/Users/buseayvedi/.m2/repository/org/apache/poi/poi-ooxml-lite/5.2.3/poi-ooxml-lite-5.2.3.jar:/Users/buseayvedi/.m2/repository/org/apache/xmlbeans/xmlbeans/5.1.1/xmlbeans-5.1.1.jar:/Users/buseayvedi/.m2/repository/org/apache/commons/commons-compress/1.21/commons-compress-1.21.jar:/Users/buseayvedi/.m2/repository/commons-io/commons-io/2.11.0/commons-io-2.11.0.jar:/Users/buseayvedi/.m2/repository/com/github/virtuald/curvesapi/1.07/curvesapi-1.07.jar:/Users/buseayvedi/.m2/repository/org/apache/logging/log4j/log4j-api/2.18.0/log4j-api-2.18.0.jar:/Users/buseayvedi/.m2/repository/org/apache/commons/commons-collections4/4.4/commons-collections4-4.4.jar:"/>
    <property name="java.vm.vendor" value="Oracle Corporation"/>
    <property name="sun.arch.data.model" value="64"/>
    <property name="java.vendor.url" value="https://openjdk.java.net/"/>
    <property name="user.timezone" value="America/New_York"/>
    <property name="java.vm.specification.version" value="11"/>
    <property name="os.name" value="Mac OS X"/>
    <property name="sun.java.launcher" value="SUN_STANDARD"/>
    <property name="user.country" value="US"/>
    <property name="sun.boot.library.path" value="/Library/Java/JavaVirtualMachines/jdk-11.0.12.jdk/Contents/Home/lib"/>
    <property name="sun.java.command" value="/Users/buseayvedi/IdeaProjects/B32G20-AutomationProject/target/surefire/surefirebooter2890496477420382591.jar /Users/buseayvedi/IdeaProjects/B32G20-AutomationProject/target/surefire 2024-03-23T17-32-26_756-jvmRun1 surefire14784374571945584791tmp surefire_07168266866294920808tmp"/>
    <property name="http.nonProxyHosts" value="local|*.local|169.254/16|*.169.254/16"/>
    <property name="jdk.debug" value="release"/>
    <property name="surefire.test.class.path" value="/Users/buseayvedi/IdeaProjects/B32G20-AutomationProject/target/test-classes:/Users/buseayvedi/IdeaProjects/B32G20-AutomationProject/target/classes:/Users/buseayvedi/.m2/repository/org/seleniumhq/selenium/selenium-java/4.16.1/selenium-java-4.16.1.jar:/Users/buseayvedi/.m2/repository/org/seleniumhq/selenium/selenium-api/4.16.1/selenium-api-4.16.1.jar:/Users/buseayvedi/.m2/repository/org/seleniumhq/selenium/selenium-chrome-driver/4.16.1/selenium-chrome-driver-4.16.1.jar:/Users/buseayvedi/.m2/repository/com/google/auto/service/auto-service-annotations/1.1.1/auto-service-annotations-1.1.1.jar:/Users/buseayvedi/.m2/repository/org/seleniumhq/selenium/selenium-chromium-driver/4.16.1/selenium-chromium-driver-4.16.1.jar:/Users/buseayvedi/.m2/repository/org/seleniumhq/selenium/selenium-json/4.16.1/selenium-json-4.16.1.jar:/Users/buseayvedi/.m2/repository/org/seleniumhq/selenium/selenium-manager/4.16.1/selenium-manager-4.16.1.jar:/Users/buseayvedi/.m2/repository/org/seleniumhq/selenium/selenium-devtools-v118/4.16.1/selenium-devtools-v118-4.16.1.jar:/Users/buseayvedi/.m2/repository/org/seleniumhq/selenium/selenium-devtools-v119/4.16.1/selenium-devtools-v119-4.16.1.jar:/Users/buseayvedi/.m2/repository/org/seleniumhq/selenium/selenium-devtools-v120/4.16.1/selenium-devtools-v120-4.16.1.jar:/Users/buseayvedi/.m2/repository/org/seleniumhq/selenium/selenium-devtools-v85/4.16.1/selenium-devtools-v85-4.16.1.jar:/Users/buseayvedi/.m2/repository/org/seleniumhq/selenium/selenium-edge-driver/4.16.1/selenium-edge-driver-4.16.1.jar:/Users/buseayvedi/.m2/repository/org/seleniumhq/selenium/selenium-firefox-driver/4.16.1/selenium-firefox-driver-4.16.1.jar:/Users/buseayvedi/.m2/repository/org/seleniumhq/selenium/selenium-http/4.16.1/selenium-http-4.16.1.jar:/Users/buseayvedi/.m2/repository/dev/failsafe/failsafe/3.3.2/failsafe-3.3.2.jar:/Users/buseayvedi/.m2/repository/org/seleniumhq/selenium/selenium-ie-driver/4.16.1/selenium-ie-driver-4.16.1.jar:/Users/buseayvedi/.m2/repository/org/seleniumhq/selenium/selenium-remote-driver/4.16.1/selenium-remote-driver-4.16.1.jar:/Users/buseayvedi/.m2/repository/com/google/guava/guava/32.1.2-jre/guava-32.1.2-jre.jar:/Users/buseayvedi/.m2/repository/com/google/guava/failureaccess/1.0.1/failureaccess-1.0.1.jar:/Users/buseayvedi/.m2/repository/com/google/guava/listenablefuture/9999.0-empty-to-avoid-conflict-with-guava/listenablefuture-9999.0-empty-to-avoid-conflict-with-guava.jar:/Users/buseayvedi/.m2/repository/com/google/code/findbugs/jsr305/3.0.2/jsr305-3.0.2.jar:/Users/buseayvedi/.m2/repository/org/checkerframework/checker-qual/3.33.0/checker-qual-3.33.0.jar:/Users/buseayvedi/.m2/repository/com/google/errorprone/error_prone_annotations/2.18.0/error_prone_annotations-2.18.0.jar:/Users/buseayvedi/.m2/repository/com/google/j2objc/j2objc-annotations/2.8/j2objc-annotations-2.8.jar:/Users/buseayvedi/.m2/repository/io/opentelemetry/opentelemetry-api/1.28.0/opentelemetry-api-1.28.0.jar:/Users/buseayvedi/.m2/repository/io/opentelemetry/opentelemetry-context/1.28.0/opentelemetry-context-1.28.0.jar:/Users/buseayvedi/.m2/repository/io/opentelemetry/opentelemetry-exporter-logging/1.28.0/opentelemetry-exporter-logging-1.28.0.jar:/Users/buseayvedi/.m2/repository/io/opentelemetry/opentelemetry-sdk-metrics/1.28.0/opentelemetry-sdk-metrics-1.28.0.jar:/Users/buseayvedi/.m2/repository/io/opentelemetry/opentelemetry-extension-incubator/1.28.0-alpha/opentelemetry-extension-incubator-1.28.0-alpha.jar:/Users/buseayvedi/.m2/repository/io/opentelemetry/opentelemetry-sdk-logs/1.28.0/opentelemetry-sdk-logs-1.28.0.jar:/Users/buseayvedi/.m2/repository/io/opentelemetry/opentelemetry-sdk-common/1.28.0/opentelemetry-sdk-common-1.28.0.jar:/Users/buseayvedi/.m2/repository/io/opentelemetry/opentelemetry-sdk-extension-autoconfigure-spi/1.28.0/opentelemetry-sdk-extension-autoconfigure-spi-1.28.0.jar:/Users/buseayvedi/.m2/repository/io/opentelemetry/opentelemetry-sdk-extension-autoconfigure/1.28.0/opentelemetry-sdk-extension-autoconfigure-1.28.0.jar:/Users/buseayvedi/.m2/repository/io/opentelemetry/opentelemetry-api-events/1.28.0-alpha/opentelemetry-api-events-1.28.0-alpha.jar:/Users/buseayvedi/.m2/repository/io/opentelemetry/opentelemetry-sdk-trace/1.28.0/opentelemetry-sdk-trace-1.28.0.jar:/Users/buseayvedi/.m2/repository/io/opentelemetry/opentelemetry-sdk/1.28.0/opentelemetry-sdk-1.28.0.jar:/Users/buseayvedi/.m2/repository/io/opentelemetry/opentelemetry-semconv/1.28.0-alpha/opentelemetry-semconv-1.28.0-alpha.jar:/Users/buseayvedi/.m2/repository/net/bytebuddy/byte-buddy/1.14.5/byte-buddy-1.14.5.jar:/Users/buseayvedi/.m2/repository/org/seleniumhq/selenium/selenium-os/4.16.1/selenium-os-4.16.1.jar:/Users/buseayvedi/.m2/repository/org/apache/commons/commons-exec/1.3/commons-exec-1.3.jar:/Users/buseayvedi/.m2/repository/org/seleniumhq/selenium/selenium-safari-driver/4.16.1/selenium-safari-driver-4.16.1.jar:/Users/buseayvedi/.m2/repository/org/seleniumhq/selenium/selenium-support/4.16.1/selenium-support-4.16.1.jar:/Users/buseayvedi/.m2/repository/com/github/javafaker/javafaker/1.0.2/javafaker-1.0.2.jar:/Users/buseayvedi/.m2/repository/org/apache/commons/commons-lang3/3.5/commons-lang3-3.5.jar:/Users/buseayvedi/.m2/repository/org/yaml/snakeyaml/1.23/snakeyaml-1.23-android.jar:/Users/buseayvedi/.m2/repository/com/github/mifmif/generex/1.0.2/generex-1.0.2.jar:/Users/buseayvedi/.m2/repository/dk/brics/automaton/automaton/1.11-8/automaton-1.11-8.jar:/Users/buseayvedi/.m2/repository/io/cucumber/cucumber-junit/7.3.4/cucumber-junit-7.3.4.jar:/Users/buseayvedi/.m2/repository/org/apiguardian/apiguardian-api/1.1.2/apiguardian-api-1.1.2.jar:/Users/buseayvedi/.m2/repository/io/cucumber/cucumber-core/7.3.4/cucumber-core-7.3.4.jar:/Users/buseayvedi/.m2/repository/io/cucumber/cucumber-gherkin/7.3.4/cucumber-gherkin-7.3.4.jar:/Users/buseayvedi/.m2/repository/io/cucumber/cucumber-gherkin-messages/7.3.4/cucumber-gherkin-messages-7.3.4.jar:/Users/buseayvedi/.m2/repository/io/cucumber/messages/18.0.0/messages-18.0.0.jar:/Users/buseayvedi/.m2/repository/io/cucumber/tag-expressions/4.1.0/tag-expressions-4.1.0.jar:/Users/buseayvedi/.m2/repository/io/cucumber/cucumber-expressions/15.1.1/cucumber-expressions-15.1.1.jar:/Users/buseayvedi/.m2/repository/io/cucumber/datatable/7.3.4/datatable-7.3.4.jar:/Users/buseayvedi/.m2/repository/io/cucumber/cucumber-plugin/7.3.4/cucumber-plugin-7.3.4.jar:/Users/buseayvedi/.m2/repository/io/cucumber/docstring/7.3.4/docstring-7.3.4.jar:/Users/buseayvedi/.m2/repository/io/cucumber/html-formatter/19.1.0/html-formatter-19.1.0.jar:/Users/buseayvedi/.m2/repository/io/cucumber/ci-environment/9.0.4/ci-environment-9.0.4.jar:/Users/buseayvedi/.m2/repository/junit/junit/4.13.2/junit-4.13.2.jar:/Users/buseayvedi/.m2/repository/org/hamcrest/hamcrest-core/1.3/hamcrest-core-1.3.jar:/Users/buseayvedi/.m2/repository/io/cucumber/cucumber-java/7.3.4/cucumber-java-7.3.4.jar:/Users/buseayvedi/.m2/repository/me/jvt/cucumber/reporting-plugin/7.3.0/reporting-plugin-7.3.0.jar:/Users/buseayvedi/.m2/repository/io/cucumber/gherkin/23.0.1/gherkin-23.0.1.jar:/Users/buseayvedi/.m2/repository/net/masterthought/cucumber-reporting/5.7.0/cucumber-reporting-5.7.0.jar:/Users/buseayvedi/.m2/repository/com/fasterxml/jackson/core/jackson-databind/2.13.0/jackson-databind-2.13.0.jar:/Users/buseayvedi/.m2/repository/com/fasterxml/jackson/core/jackson-annotations/2.13.0/jackson-annotations-2.13.0.jar:/Users/buseayvedi/.m2/repository/com/fasterxml/jackson/core/jackson-core/2.13.0/jackson-core-2.13.0.jar:/Users/buseayvedi/.m2/repository/com/fasterxml/jackson/datatype/jackson-datatype-jsr310/2.13.0/jackson-datatype-jsr310-2.13.0.jar:/Users/buseayvedi/.m2/repository/org/apache/velocity/velocity-engine-core/2.3/velocity-engine-core-2.3.jar:/Users/buseayvedi/.m2/repository/org/slf4j/slf4j-api/1.7.30/slf4j-api-1.7.30.jar:/Users/buseayvedi/.m2/repository/commons-collections/commons-collections/3.2.2/commons-collections-3.2.2.jar:/Users/buseayvedi/.m2/repository/joda-time/joda-time/2.10.10/joda-time-2.10.10.jar:/Users/buseayvedi/.m2/repository/org/codehaus/plexus/plexus-utils/3.3.0/plexus-utils-3.3.0.jar:/Users/buseayvedi/.m2/repository/org/jsoup/jsoup/1.14.2/jsoup-1.14.2.jar:/Users/buseayvedi/.m2/repository/com/googlecode/owasp-java-html-sanitizer/owasp-java-html-sanitizer/20211018.2/owasp-java-html-sanitizer-20211018.2.jar:/Users/buseayvedi/.m2/repository/commons-configuration/commons-configuration/1.10/commons-configuration-1.10.jar:/Users/buseayvedi/.m2/repository/commons-lang/commons-lang/2.6/commons-lang-2.6.jar:/Users/buseayvedi/.m2/repository/commons-logging/commons-logging/1.1.1/commons-logging-1.1.1.jar:/Users/buseayvedi/.m2/repository/org/apache/poi/poi-ooxml/5.2.3/poi-ooxml-5.2.3.jar:/Users/buseayvedi/.m2/repository/org/apache/poi/poi/5.2.3/poi-5.2.3.jar:/Users/buseayvedi/.m2/repository/commons-codec/commons-codec/1.15/commons-codec-1.15.jar:/Users/buseayvedi/.m2/repository/org/apache/commons/commons-math3/3.6.1/commons-math3-3.6.1.jar:/Users/buseayvedi/.m2/repository/com/zaxxer/SparseBitSet/1.2/SparseBitSet-1.2.jar:/Users/buseayvedi/.m2/repository/org/apache/poi/poi-ooxml-lite/5.2.3/poi-ooxml-lite-5.2.3.jar:/Users/buseayvedi/.m2/repository/org/apache/xmlbeans/xmlbeans/5.1.1/xmlbeans-5.1.1.jar:/Users/buseayvedi/.m2/repository/org/apache/commons/commons-compress/1.21/commons-compress-1.21.jar:/Users/buseayvedi/.m2/repository/commons-io/commons-io/2.11.0/commons-io-2.11.0.jar:/Users/buseayvedi/.m2/repository/com/github/virtuald/curvesapi/1.07/curvesapi-1.07.jar:/Users/buseayvedi/.m2/repository/org/apache/logging/log4j/log4j-api/2.18.0/log4j-api-2.18.0.jar:/Users/buseayvedi/.m2/repository/org/apache/commons/commons-collections4/4.4/commons-collections4-4.4.jar:"/>
    <property name="sun.cpu.endian" value="little"/>
    <property name="user.home" value="/Users/buseayvedi"/>
    <property name="user.language" value="en"/>
    <property name="java.specification.vendor" value="Oracle Corporation"/>
    <property name="java.version.date" value="2021-07-20"/>
    <property name="java.home" value="/Library/Java/JavaVirtualMachines/jdk-11.0.12.jdk/Contents/Home"/>
    <property name="file.separator" value="/"/>
    <property name="basedir" value="/Users/buseayvedi/IdeaProjects/B32G20-AutomationProject"/>
    <property name="java.vm.compressedOopsMode" value="Zero based"/>
    <property name="line.separator" value="&#10;"/>
    <property name="java.specification.name" value="Java Platform API Specification"/>
    <property name="java.vm.specification.vendor" value="Oracle Corporation"/>
    <property name="java.awt.graphicsenv" value="sun.awt.CGraphicsEnvironment"/>
    <property name="surefire.real.class.path" value="/Users/buseayvedi/IdeaProjects/B32G20-AutomationProject/target/surefire/surefirebooter2890496477420382591.jar"/>
    <property name="sun.management.compiler" value="HotSpot 64-Bit Tiered Compilers"/>
    <property name="ftp.nonProxyHosts" value="local|*.local|169.254/16|*.169.254/16"/>
    <property name="java.runtime.version" value="11.0.12+8-LTS-237"/>
    <property name="user.name" value="buseayvedi"/>
    <property name="path.separator" value=":"/>
    <property name="os.version" value="11.5"/>
    <property name="java.runtime.name" value="Java(TM) SE Runtime Environment"/>
    <property name="file.encoding" value="UTF-8"/>
    <property name="java.vm.name" value="Java HotSpot(TM) 64-Bit Server VM"/>
    <property name="java.vendor.version" value="18.9"/>
    <property name="localRepository" value="/Users/buseayvedi/.m2/repository"/>
    <property name="java.vendor.url.bug" value="https://bugreport.java.com/bugreport/"/>
    <property name="java.io.tmpdir" value="/var/folders/s1/2g71bq194qlckv63vj7tbvcc0000gn/T/"/>
    <property name="idea.version" value="2023.2.2"/>
    <property name="java.version" value="11.0.12"/>
    <property name="user.dir" value="/Users/buseayvedi/IdeaProjects/B32G20-AutomationProject"/>
    <property name="os.arch" value="x86_64"/>
    <property name="java.vm.specification.name" value="Java Virtual Machine Specification"/>
    <property name="java.awt.printerjob" value="sun.lwawt.macosx.CPrinterJob"/>
    <property name="sun.os.patch.level" value="unknown"/>
    <property name="java.library.path" value="/Users/buseayvedi/Library/Java/Extensions:/Library/Java/Extensions:/Network/Library/Java/Extensions:/System/Library/Java/Extensions:/usr/lib/java:."/>
    <property name="java.vendor" value="Oracle Corporation"/>
    <property name="java.vm.info" value="mixed mode"/>
    <property name="java.vm.version" value="11.0.12+8-LTS-237"/>
    <property name="sun.io.unicode.encoding" value="UnicodeBig"/>
    <property name="java.class.version" value="55.0"/>
    <property name="socksNonProxyHosts" value="local|*.local|169.254/16|*.169.254/16"/>
  </properties>
  <testcase name="AC1:Verify there are 6 columns which shows the details of quotations on the Sales page when the POS &amp; Sales Managers login. #1" classname="Default #4" time="37.357">
    <system-out><![CDATA[---> @Before: RUNNING BEFORE EACH SCENARIO 
---> @After: RUNNING AFTER EACH SCENARIO
]]></system-out>
    <system-err><![CDATA[Mar 23, 2024 5:32:39 PM org.openqa.selenium.devtools.CdpVersionFinder findNearestMatch
WARNING: Unable to find an exact match for CDP version 123, returning the closest version; found: 120; Please update to a Selenium version that supports CDP version 123
]]></system-err>
  </testcase>
  <testcase name="AC1:Verify there are 6 columns which shows the details of quotations on the Sales page when the POS &amp; Sales Managers login. #2" classname="Default #4" time="30.034">
    <system-out><![CDATA[---> @Before: RUNNING BEFORE EACH SCENARIO 
---> @After: RUNNING AFTER EACH SCENARIO
]]></system-out>
    <system-err><![CDATA[Mar 23, 2024 5:33:13 PM org.openqa.selenium.devtools.CdpVersionFinder findNearestMatch
WARNING: Unable to find an exact match for CDP version 123, returning the closest version; found: 120; Please update to a Selenium version that supports CDP version 123
]]></system-err>
  </testcase>
  <testcase name="AC1:Verify there are 6 columns which shows the details of quotations on the Sales page when the POS &amp; Sales Managers login. #3" classname="Default #4" time="24.678">
    <system-out><![CDATA[---> @Before: RUNNING BEFORE EACH SCENARIO 
---> @After: RUNNING AFTER EACH SCENARIO
]]></system-out>
    <system-err><![CDATA[Mar 23, 2024 5:33:42 PM org.openqa.selenium.devtools.CdpVersionFinder findNearestMatch
WARNING: Unable to find an exact match for CDP version 123, returning the closest version; found: 120; Please update to a Selenium version that supports CDP version 123
]]></system-err>
  </testcase>
  <testcase name="AC1:Verify there are 6 columns which shows the details of quotations on the Sales page when the POS &amp; Sales Managers login. #4" classname="Default #4" time="17.981">
    <system-out><![CDATA[---> @Before: RUNNING BEFORE EACH SCENARIO 
---> @After: RUNNING AFTER EACH SCENARIO
]]></system-out>
    <system-err><![CDATA[Mar 23, 2024 5:34:07 PM org.openqa.selenium.devtools.CdpVersionFinder findNearestMatch
WARNING: Unable to find an exact match for CDP version 123, returning the closest version; found: 120; Please update to a Selenium version that supports CDP version 123
]]></system-err>
  </testcase>
  <testcase name="AC2: Verify user can see the result on the list when searching with Quotation Number data. #1" classname="Default #4" time="18.752">
    <system-out><![CDATA[---> @Before: RUNNING BEFORE EACH SCENARIO 
---> @After: RUNNING AFTER EACH SCENARIO
]]></system-out>
    <system-err><![CDATA[Mar 23, 2024 5:34:24 PM org.openqa.selenium.devtools.CdpVersionFinder findNearestMatch
WARNING: Unable to find an exact match for CDP version 123, returning the closest version; found: 120; Please update to a Selenium version that supports CDP version 123
]]></system-err>
  </testcase>
  <testcase name="AC2: Verify user can see the result on the list when searching with Quotation Number data. #2" classname="Default #4" time="17.817">
    <system-out><![CDATA[---> @Before: RUNNING BEFORE EACH SCENARIO 
ns.act_window" data-action-id="723">...</a> is not clickable at point (820, 16). Other element would receive the click: <div class="o_loading" style="opacity: 0.013815;">...</div>
  (Session info: chrome=123.0.6312.58)
Build info: version: '4.16.1', revision: '9b4c83354e'
System info: os.name: 'Mac OS X', os.arch: 'x86_64', os.version: '11.5', java.version: '11.0.12'
Driver info: org.openqa.selenium.chrome.ChromeDriver
Command: [80e7829ce31b50eb4ab7ad03b86456fa, clickElement {id=f.065418138705BBDC5BA46930E0C4661F.d.C26C30FF3AC490CACA2F448A6AD14E5F.e.549}]
Capabilities {acceptInsecureCerts: false, browserName: chrome, browserVersion: 123.0.6312.58, chrome: {chromedriverVersion: 123.0.6312.58 (6b4b19e9dfbb..., userDataDir: /var/folders/s1/2g71bq194ql...}, fedcm:accounts: true, goog:chromeOptions: {debuggerAddress: localhost:52001}, networkConnectionEnabled: false, pageLoadStrategy: normal, platformName: mac, proxy: Proxy(), se:cdp: ws://localhost:52001/devtoo..., se:cdpVersion: 123.0.6312.58, setWindowRect: true, strictFileInteractability: false, timeouts: {implicit: 0, pageLoad: 300000, script: 30000}, unhandledPromptBehavior: dismiss and notify, webauthn:extension:credBlob: true, webauthn:extension:largeBlob: true, webauthn:extension:minPinLength: true, webauthn:extension:prf: true, webauthn:virtualAuthenticators: true}
Element: [[ChromeDriver: chrome on mac (80e7829ce31b50eb4ab7ad03b86456fa)] -> xpath: //a[@href='/web#menu_id=535&action=723']]
Session ID: 80e7829ce31b50eb4ab7ad03b86456fa
	at java.base/jdk.internal.reflect.NativeConstructorAccessorImpl.newInstance0(Native Method)
	at java.base/jdk.internal.reflect.NativeConstructorAccessorImpl.newInstance(NativeConstructorAccessorImpl.java:62)
	at java.base/jdk.internal.reflect.DelegatingConstructorAccessorImpl.newInstance(DelegatingConstructorAccessorImpl.java:45)
	at java.base/java.lang.reflect.Constructor.newInstance(Constructor.java:490)
	at org.openqa.selenium.remote.codec.w3c.W3CHttpResponseCodec.createException(W3CHttpResponseCodec.java:200)
	at org.openqa.selenium.remote.codec.w3c.W3CHttpResponseCodec.decode(W3CHttpResponseCodec.java:133)
	at org.openqa.selenium.remote.codec.w3c.W3CHttpResponseCodec.decode(W3CHttpResponseCodec.java:52)
	at org.openqa.selenium.remote.HttpCommandExecutor.execute(HttpCommandExecutor.java:191)
	at org.openqa.selenium.remote.service.DriverCommandExecutor.invokeExecute(DriverCommandExecutor.java:200)
	at org.openqa.selenium.remote.service.DriverCommandExecutor.execute(DriverCommandExecutor.java:175)
	at org.openqa.selenium.remote.RemoteWebDriver.execute(RemoteWebDriver.java:523)
	at org.openqa.selenium.remote.RemoteWebElement.execute(RemoteWebElement.java:224)
	at org.openqa.selenium.remote.RemoteWebElement.click(RemoteWebElement.java:77)
	at jdk.internal.reflect.GeneratedMethodAccessor137.invoke(Unknown Source)
	at java.base/jdk.internal.reflect.DelegatingMethodAccessorImpl.invoke(DelegatingMethodAccessorImpl.java:43)
	at java.base/java.lang.reflect.Method.invoke(Method.java:566)
	at org.openqa.selenium.support.pagefactory.internal.LocatingElementHandler.invoke(LocatingElementHandler.java:51)
	at com.sun.proxy.$Proxy22.click(Unknown Source)
	at com.twiliaerp.page.RepairsPage_B32G20_141_Buse.repairModuleClick(RepairsPage_B32G20_141_Buse.java:56)
	at com.twiliaerp.step_definitions.RepairsPage_StepDef_B32G20_142_Buse.user_clicks_repairs_title_and_land_on_the_page_successfully(RepairsPage_StepDef_B32G20_142_Buse.java:24)
	at ✽.user clicks Repairs title and land on the page successfully(file:///Users/buseayvedi/IdeaProjects/B32G20-AutomationProject/src/test/resources/features/RepairsPage_B32G20_142_Buse.feature:37)

  When user enters "RN" in the search box on the Repairs page and hit the enter key                                                                 # com.twiliaerp.step_definitions.RepairsPage_StepDef_B32G20_142_Buse.user_enters_in_the_search_box_on_the_repairs_page_and_hit_the_enter_key(java.lang.String)
  Then user should see the result on the Repair Order list : "RN","iPhone X","ASUSTeK, James Miller","ASUSTeK, Peter Mitchell","","Ready to Repair" # com.twiliaerp.step_definitions.RepairsPage_StepDef_B32G20_142_Buse.user_should_see_the_result_on_the_repair_order_list(java.lang.String,java.lang.String,java.lang.String,java.lang.String,java.lang.String,java.lang.String)
  Given user login successfully with valid credentials "posmanager", 5                                                             # com.twiliaerp.step_definitions.SalesPageStepDef_B32G20_141_Buse.user_login_successfully_with_valid_credentials(java.lang.String,int)

@B32G20-165 @B32G20-164
Scenario Outline: AC2: Verify user can see the result on the list when searching with Repair Reference data. # src/test/resources/features/RepairsPage_B32G20_142_Buse.feature:44
  When user clicks Sales title and land on the page successfully                                                                   # com.twiliaerp.step_definitions.SalesPageStepDef_B32G20_141_Buse.user_clicks_sales_title_and_land_on_the_page_successfully()
  When user enters "SO811" in the search box and hit the enter key                                                                 # com.twiliaerp.step_definitions.SalesPageStepDef_B32G20_141_Buse.user_enters_in_the_search_box_and_hit_the_enter_key(java.lang.String)
  Then user should see the result on the list : "SO811","06/19/2019 15:55:12","Al banana","EventsCRM_User3","$ 1.00","Sales Order" # com.twiliaerp.step_definitions.SalesPageStepDef_B32G20_141_Buse.user_should_see_the_result_on_the_list(java.lang.String,java.lang.String,java.lang.String,java.lang.String,java.lang.String,java.lang.String)

@B32G20-159 @B32G20-158
Scenario Outline: AC2: Verify user can see the result on the list when searching with Quotation Number data.     # src/test/resources/features/SalesPage_B32G20_141_Busee.feature:34
  Given user login successfully with valid credentials "posmanager", 55                                      # com.twiliaerp.step_definitions.SalesPageStepDef_B32G20_141_Buse.user_login_successfully_with_valid_credentials(java.lang.String,int)
  When user clicks Repairs title and land on the page successfully                                           # com.twiliaerp.step_definitions.RepairsPage_StepDef_B32G20_142_Buse.user_clicks_repairs_title_and_land_on_the_page_successfully()
  Given user login successfully with valid credentials "posmanager", 55                                          # com.twiliaerp.step_definitions.SalesPageStepDef_B32G20_141_Buse.user_login_successfully_with_valid_credentials(java.lang.String,int)
  When user enters "RMA/00302" in the search box on the Repairs page and hit the enter key                   # com.twiliaerp.step_definitions.RepairsPage_StepDef_B32G20_142_Buse.user_enters_in_the_search_box_on_the_repairs_page_and_hit_the_enter_key(java.lang.String)
  Then user should see the result on the Repair Order list : "RMA/00302","iPhone X","","","","Confirmed"     # com.twiliaerp.step_definitions.RepairsPage_StepDef_B32G20_142_Buse.user_should_see_the_result_on_the_repair_order_list(java.lang.String,java.lang.String,java.lang.String,java.lang.String,java.lang.String,java.lang.String)

@B32G20-165 @B32G20-164
Scenario Outline: AC2: Verify user can see the result on the list when searching with Repair Reference data.                                        # src/test/resources/features/RepairsPage_B32G20_142_Buse.feature:45
  When user clicks Sales title and land on the page successfully                                                 # com.twiliaerp.step_definitions.SalesPageStepDef_B32G20_141_Buse.user_clicks_sales_title_and_land_on_the_page_successfully()
  When user enters "SO056" in the search box and hit the enter key                                               # com.twiliaerp.step_definitions.SalesPageStepDef_B32G20_141_Buse.user_enters_in_the_search_box_and_hit_the_enter_key(java.lang.String)
  Then user should see the result on the list : "SO056","01/21/2019 00:50:20","POSUser2","","$ 4.18","Quotation" # com.twiliaerp.step_definitions.SalesPageStepDef_B32G20_141_Buse.user_should_see_the_result_on_the_list(java.lang.String,java.lang.---> @After: RUNNING AFTER EACH SCENARIO
]]></system-out>
    <system-err><![CDATA[Mar 23, 2024 5:34:42 PM org.openqa.selenium.devtools.CdpVersionFinder findNearestMatch
WARNING: Unable to find an exact match for CDP version 123, returning the closest version; found: 120; Please update to a Selenium version that supports CDP version 123
]]></system-err>
  </testcase>
  <testcase name="AC2: Verify user can see the result on the list when searching with Quotation Number data. #3" classname="Default #4" time="20.902">
    <system-out><![CDATA[---> @Before: RUNNING BEFORE EACH SCENARIO 
---> @After: RUNNING AFTER EACH SCENARIO
]]></system-out>
    <system-err><![CDATA[Mar 23, 2024 5:35:00 PM org.openqa.selenium.devtools.CdpVersionFinder findNearestMatch
WARNING: Unable to find an exact match for CDP version 123, returning the closest version; found: 120; Please update to a Selenium version that supports CDP version 123
]]></system-err>
  </testcase>
  <testcase name="AC2: Verify user can see the result on the list when searching with Quotation Number data. #4" classname="Default #4" time="18.221">
    <system-out><![CDATA[---> @Before: RUNNING BEFORE EACH SCENARIO 
---> @After: RUNNING AFTER EACH SCENARIO
]]></system-out>
    <system-err><![CDATA[Mar 23, 2024 5:35:21 PM org.openqa.selenium.devtools.CdpVersionFinder findNearestMatch
WARNING: Unable to find an exact match for CDP version 123, returning the closest version; found: 120; Please update to a Selenium version that supports CDP version 123
]]></system-err>
  </testcase>
</testsuite>